Using pre-set license
Built from '2020.3/staging' branch; Version is '2020.3.16f1 (049d6eca3c44) revision 302446'; Using compiler version '192528614'; Build Type 'Release'
OS: 'Windows 10 Pro; OS build 19042.1237; Version 2009; 64bit' Language: 'pl' Physical Memory: 32650 MB
BatchMode: 1, IsHumanControllingUs: 0, StartBugReporterOnCrash: 0, Is64bit: 1, IsPro: 0

 COMMAND LINE ARGUMENTS:
C:\Program Files\Unity\Hub\Editor\2020.3.16f1\Editor\Unity.exe
-adb2
-batchMode
-noUpm
-name
AssetImportWorker0
-projectPath
E:/UnityWorkspace/Lab Particles 1/Lab-Particles-1
-logFile
Logs/AssetImportWorker0.log
-srvPort
63187
Successfully changed project path to: E:/UnityWorkspace/Lab Particles 1/Lab-Particles-1
E:/UnityWorkspace/Lab Particles 1/Lab-Particles-1
Using Asset Import Pipeline V2.
Refreshing native plugins compatible for Editor in 68.27 ms, found 1 plugins.
Preloading 0 native plugins for Editor in 0.00 ms.
Initialize engine version: 2020.3.16f1 (049d6eca3c44)
[Subsystems] Discovering subsystems at path C:/Program Files/Unity/Hub/Editor/2020.3.16f1/Editor/Data/Resources/UnitySubsystems
[Subsystems] Discovering subsystems at path E:/UnityWorkspace/Lab Particles 1/Lab-Particles-1/Assets
GfxDevice: creating device client; threaded=0
Direct3D:
    Version:  Direct3D 11.0 [level 11.1]
    Renderer: NVIDIA GeForce GTX 1080 Ti (ID=0x1b06)
    Vendor:   
    VRAM:     11127 MB
    Driver:   30.0.14.7212
Initialize mono
Mono path[0] = 'C:/Program Files/Unity/Hub/Editor/2020.3.16f1/Editor/Data/Managed'
Mono path[1] = 'C:/Program Files/Unity/Hub/Editor/2020.3.16f1/Editor/Data/MonoBleedingEdge/lib/mono/unityjit'
Mono config path = 'C:/Program Files/Unity/Hub/Editor/2020.3.16f1/Editor/Data/MonoBleedingEdge/etc'
Using monoOptions --debugger-agent=transport=dt_socket,embedding=1,server=y,suspend=n,address=127.0.0.1:56844
Begin MonoManager ReloadAssembly
Registering precompiled unity dll's ...
Register platform support module: C:/Program Files/Unity/Hub/Editor/2020.3.16f1/Editor/Data/PlaybackEngines/WindowsStandaloneSupport/UnityEditor.WindowsStandalone.Extensions.dll
Registered in 0.001787 seconds.
Native extension for WindowsStandalone target not found
Refreshing native plugins compatible for Editor in 68.62 ms, found 1 plugins.
Preloading 0 native plugins for Editor in 0.00 ms.
Mono: successfully reloaded assembly
- Completed reload, in  1.021 seconds
Domain Reload Profiling:
	ReloadAssembly (1021ms)
		BeginReloadAssembly (49ms)
			ExecutionOrderSort (0ms)
			DisableScriptedObjects (0ms)
			BackupInstance (0ms)
			ReleaseScriptingObjects (0ms)
			CreateAndSetChildDomain (1ms)
		EndReloadAssembly (391ms)
			LoadAssemblies (47ms)
			RebuildTransferFunctionScriptingTraits (0ms)
			SetupTypeCache (121ms)
			ReleaseScriptCaches (0ms)
			RebuildScriptCaches (30ms)
			SetupLoadedEditorAssemblies (180ms)
				LogAssemblyErrors (0ms)
				InitializePlatformSupportModulesInManaged (4ms)
				SetLoadedEditorAssemblies (0ms)
				RefreshPlugins (69ms)
				BeforeProcessingInitializeOnLoad (14ms)
				ProcessInitializeOnLoadAttributes (67ms)
				ProcessInitializeOnLoadMethodAttributes (27ms)
				AfterProcessingInitializeOnLoad (0ms)
				EditorAssembliesLoaded (0ms)
			ExecutionOrderSort2 (0ms)
			AwakeInstancesAfterBackupRestoration (0ms)
Platform modules already initialized, skipping
Registering precompiled user dll's ...
Registered in 0.001943 seconds.
Begin MonoManager ReloadAssembly
Native extension for WindowsStandalone target not found
Refreshing native plugins compatible for Editor in 0.49 ms, found 1 plugins.
Preloading 0 native plugins for Editor in 0.00 ms.
Mono: successfully reloaded assembly
- Completed reload, in  0.817 seconds
Domain Reload Profiling:
	ReloadAssembly (818ms)
		BeginReloadAssembly (120ms)
			ExecutionOrderSort (0ms)
			DisableScriptedObjects (4ms)
			BackupInstance (0ms)
			ReleaseScriptingObjects (0ms)
			CreateAndSetChildDomain (15ms)
		EndReloadAssembly (647ms)
			LoadAssemblies (71ms)
			RebuildTransferFunctionScriptingTraits (0ms)
			SetupTypeCache (213ms)
			ReleaseScriptCaches (1ms)
			RebuildScriptCaches (71ms)
			SetupLoadedEditorAssemblies (214ms)
				LogAssemblyErrors (0ms)
				InitializePlatformSupportModulesInManaged (5ms)
				SetLoadedEditorAssemblies (0ms)
				RefreshPlugins (1ms)
				BeforeProcessingInitializeOnLoad (92ms)
				ProcessInitializeOnLoadAttributes (106ms)
				ProcessInitializeOnLoadMethodAttributes (4ms)
				AfterProcessingInitializeOnLoad (6ms)
				EditorAssembliesLoaded (0ms)
			ExecutionOrderSort2 (0ms)
			AwakeInstancesAfterBackupRestoration (6ms)
Platform modules already initialized, skipping
========================================================================
Worker process is ready to serve import requests
Launched and connected shader compiler UnityShaderCompiler.exe after 0.05 seconds
Refreshing native plugins compatible for Editor in 0.47 ms, found 1 plugins.
Preloading 0 native plugins for Editor in 0.00 ms.
Unloading 3318 Unused Serialized files (Serialized files now loaded: 0)
System memory in use before: 143.9 MB.
System memory in use after: 144.1 MB.

Unloading 14 unused Assets to reduce memory usage. Loaded Objects now: 3759.
Total: 2.263400 ms (FindLiveObjects: 0.293600 ms CreateObjectMapping: 0.145500 ms MarkObjects: 1.768400 ms  DeleteObjects: 0.054900 ms)

AssetImportParameters requested are different than current active one (requested -> active):
  custom:framework-win-MediaFoundation: 216162199b28c13a410421893ffa2e32 -> 
  custom:video-decoder-ogg-theora: a1e56fd34408186e4bbccfd4996cb3dc -> 
  custom:container-muxer-webm: aa71ff27fc2769a1b78a27578f13a17b -> 
  custom:container-demuxer-webm: 4f35f7cbe854078d1ac9338744f61a02 -> 
  custom:container-demuxer-ogg: 62fdf1f143b41e24485cea50d1cbac27 -> 
  custom:video-encoder-webm-vp8: eb34c28f22e8b96e1ab97ce403110664 -> 
  custom:video-codec-MediaFoundation-h265: 746d11721c4dcdbdad8f713fa42b33f4 -> 
  custom:video-decoder-webm-vp8: 9c59270c3fd7afecdb556c50c9e8de78 -> 
  custom:audio-decoder-ogg-vorbis: bf7c407c2cedff20999df2af8eb42d56 -> 
  custom:audio-encoder-webm-vorbis: bf7c407c2cedff20999df2af8eb42d56 -> 
========================================================================
Received Import Request.
  path: Assets/AmplifyShaderEditor/CreatingTerrainsWithASE.txt
  artifactKey: Guid(f11d5aaf59fc38544b8419242801ff97) Importer(815301076,1909f56bfc062723c751e8b465ee728b)
Start importing Assets/AmplifyShaderEditor/CreatingTerrainsWithASE.txt using Guid(f11d5aaf59fc38544b8419242801ff97) Importer(815301076,1909f56bfc062723c751e8b465ee728b)  -> (artifact id: '00318f3864630bf471fd1074f18b4586') in 0.067334 seconds 
  Import took 0.082569 seconds .

========================================================================
Received Import Request.
  Time since last request: 0.000165 seconds.
  path: Assets/Particles/Fireball/Sphere.FBX
  artifactKey: Guid(f363e12d77b0c40cdb3bdbcd98d3a1ef) Importer(815301076,1909f56bfc062723c751e8b465ee728b)
Start importing Assets/Particles/Fireball/Sphere.FBX using Guid(f363e12d77b0c40cdb3bdbcd98d3a1ef) Importer(815301076,1909f56bfc062723c751e8b465ee728b)  -> (artifact id: '614c6858345f069eb88b0bffd6b6a3f9') in 0.112297 seconds 
  Import took 0.116198 seconds .

========================================================================
Received Import Request.
  Time since last request: 3.566698 seconds.
  path: Assets/TextMesh Pro
  artifactKey: Guid(f54d1bd14bd3ca042bd867b519fee8cc) Importer(815301076,1909f56bfc062723c751e8b465ee728b)
Start importing Assets/TextMesh Pro using Guid(f54d1bd14bd3ca042bd867b519fee8cc) Importer(815301076,1909f56bfc062723c751e8b465ee728b)  -> (artifact id: '16b4cbde9565bf190136f1148817e1ea') in 0.005699 seconds 
  Import took 0.017163 seconds .

========================================================================
Received Import Request.
  Time since last request: 0.812498 seconds.
  path: Assets/ChangeObjectsOnImpact.cs
  artifactKey: Guid(60b21147fba847841918e2aedd346bd6) Importer(815301076,1909f56bfc062723c751e8b465ee728b)
Start importing Assets/ChangeObjectsOnImpact.cs using Guid(60b21147fba847841918e2aedd346bd6) Importer(815301076,1909f56bfc062723c751e8b465ee728b)  -> (artifact id: '89a13017ce99c6aa4076336a33edbba9') in 0.006717 seconds 
  Import took 0.011021 seconds .

========================================================================
Received Prepare
Registering precompiled user dll's ...
Registered in 0.002671 seconds.
Begin MonoManager ReloadAssembly
Native extension for WindowsStandalone target not found
Refreshing native plugins compatible for Editor in 0.49 ms, found 1 plugins.
Preloading 0 native plugins for Editor in 0.00 ms.
Mono: successfully reloaded assembly
- Completed reload, in  0.776 seconds
Domain Reload Profiling:
	ReloadAssembly (776ms)
		BeginReloadAssembly (95ms)
			ExecutionOrderSort (0ms)
			DisableScriptedObjects (4ms)
			BackupInstance (0ms)
			ReleaseScriptingObjects (0ms)
			CreateAndSetChildDomain (23ms)
		EndReloadAssembly (624ms)
			LoadAssemblies (79ms)
			RebuildTransferFunctionScriptingTraits (0ms)
			SetupTypeCache (209ms)
			ReleaseScriptCaches (1ms)
			RebuildScriptCaches (61ms)
			SetupLoadedEditorAssemblies (203ms)
				LogAssemblyErrors (0ms)
				InitializePlatformSupportModulesInManaged (5ms)
				SetLoadedEditorAssemblies (0ms)
				RefreshPlugins (1ms)
				BeforeProcessingInitializeOnLoad (79ms)
				ProcessInitializeOnLoadAttributes (109ms)
				ProcessInitializeOnLoadMethodAttributes (3ms)
				AfterProcessingInitializeOnLoad (6ms)
				EditorAssembliesLoaded (0ms)
			ExecutionOrderSort2 (0ms)
			AwakeInstancesAfterBackupRestoration (5ms)
Platform modules already initialized, skipping
Refreshing native plugins compatible for Editor in 0.51 ms, found 1 plugins.
Preloading 0 native plugins for Editor in 0.00 ms.
Unloading 3097 Unused Serialized files (Serialized files now loaded: 0)
System memory in use before: 125.4 MB.
System memory in use after: 125.7 MB.

Unloading 10 unused Assets to reduce memory usage. Loaded Objects now: 3771.
Total: 2.298200 ms (FindLiveObjects: 0.283000 ms CreateObjectMapping: 0.166300 ms MarkObjects: 1.831600 ms  DeleteObjects: 0.016600 ms)

AssetImportParameters requested are different than current active one (requested -> active):
  custom:framework-win-MediaFoundation: 216162199b28c13a410421893ffa2e32 -> 
  custom:video-decoder-ogg-theora: a1e56fd34408186e4bbccfd4996cb3dc -> 
  custom:container-muxer-webm: aa71ff27fc2769a1b78a27578f13a17b -> 
  custom:container-demuxer-webm: 4f35f7cbe854078d1ac9338744f61a02 -> 
  custom:container-demuxer-ogg: 62fdf1f143b41e24485cea50d1cbac27 -> 
  custom:video-encoder-webm-vp8: eb34c28f22e8b96e1ab97ce403110664 -> 
  custom:video-codec-MediaFoundation-h265: 746d11721c4dcdbdad8f713fa42b33f4 -> 
  custom:video-decoder-webm-vp8: 9c59270c3fd7afecdb556c50c9e8de78 -> 
  custom:audio-decoder-ogg-vorbis: bf7c407c2cedff20999df2af8eb42d56 -> 
  custom:audio-encoder-webm-vorbis: bf7c407c2cedff20999df2af8eb42d56 -> 
========================================================================
Received Import Request.
  Time since last request: 13.556568 seconds.
  path: Assets/Models
  artifactKey: Guid(07b473ddb7047c6418c69dc1a05933fb) Importer(815301076,1909f56bfc062723c751e8b465ee728b)
Start importing Assets/Models using Guid(07b473ddb7047c6418c69dc1a05933fb) Importer(815301076,1909f56bfc062723c751e8b465ee728b)  -> (artifact id: '51751a46b5fca1f4ef9dbdcb0c8b6ffb') in 0.007346 seconds 
  Import took 0.011511 seconds .

========================================================================
Received Import Request.
  Time since last request: 0.002966 seconds.
  path: Assets/Models
  artifactKey: Guid(07b473ddb7047c6418c69dc1a05933fb) Importer(815301076,1909f56bfc062723c751e8b465ee728b)
Start importing Assets/Models using Guid(07b473ddb7047c6418c69dc1a05933fb) Importer(815301076,1909f56bfc062723c751e8b465ee728b)  -> (artifact id: '51751a46b5fca1f4ef9dbdcb0c8b6ffb') in 0.002672 seconds 
  Import took 0.007661 seconds .

========================================================================
Received Import Request.
  Time since last request: 828.021356 seconds.
  path: Assets/Particles/Cloud01_8x8.png
  artifactKey: Guid(1e0966527c516d9459085f919f22c3d4) Importer(815301076,1909f56bfc062723c751e8b465ee728b)
Start importing Assets/Particles/Cloud01_8x8.png using Guid(1e0966527c516d9459085f919f22c3d4) Importer(815301076,1909f56bfc062723c751e8b465ee728b)  -> (artifact id: '097186f17c9cab65f6b511c6b99dd522') in 0.037134 seconds 
  Import took 0.042437 seconds .

========================================================================
Received Import Request.
  Time since last request: 8.095336 seconds.
  path: Assets/Particles/FireBall01_8x8.png
  artifactKey: Guid(6eb5d6b57c4c62f41ab75ebf55873c69) Importer(815301076,1909f56bfc062723c751e8b465ee728b)
Start importing Assets/Particles/FireBall01_8x8.png using Guid(6eb5d6b57c4c62f41ab75ebf55873c69) Importer(815301076,1909f56bfc062723c751e8b465ee728b)  -> (artifact id: '80854a75b9496fc3fbc7ce93287a0134') in 0.010384 seconds 
  Import took 0.014810 seconds .

========================================================================
Received Import Request.
  Time since last request: 0.001347 seconds.
  path: Assets/Particles/FireBall01_8x8.png
  artifactKey: Guid(6eb5d6b57c4c62f41ab75ebf55873c69) Importer(815301076,1909f56bfc062723c751e8b465ee728b)
Start importing Assets/Particles/FireBall01_8x8.png using Guid(6eb5d6b57c4c62f41ab75ebf55873c69) Importer(815301076,1909f56bfc062723c751e8b465ee728b)  -> (artifact id: '80854a75b9496fc3fbc7ce93287a0134') in 0.009576 seconds 
  Import took 0.014162 seconds .

========================================================================
Received Import Request.
  Time since last request: 2.399101 seconds.
  path: Assets/Particles/FireBall01_8x8.png
  artifactKey: Guid(6eb5d6b57c4c62f41ab75ebf55873c69) Importer(815301076,1909f56bfc062723c751e8b465ee728b)
Start importing Assets/Particles/FireBall01_8x8.png using Guid(6eb5d6b57c4c62f41ab75ebf55873c69) Importer(815301076,1909f56bfc062723c751e8b465ee728b)  -> (artifact id: '198eb2a07f1c7a47eaf90f873e681cb7') in 0.008668 seconds 
  Import took 0.012986 seconds .

========================================================================
Received Import Request.
  Time since last request: 71.884987 seconds.
  path: Assets/Particles/FireBall01_8x8.png
  artifactKey: Guid(6eb5d6b57c4c62f41ab75ebf55873c69) Importer(815301076,1909f56bfc062723c751e8b465ee728b)
Start importing Assets/Particles/FireBall01_8x8.png using Guid(6eb5d6b57c4c62f41ab75ebf55873c69) Importer(815301076,1909f56bfc062723c751e8b465ee728b)  -> (artifact id: '083f6226df12714839dd912b5744c52b') in 0.011272 seconds 
  Import took 0.015602 seconds .

========================================================================
Received Import Request.
  Time since last request: 3.720247 seconds.
  path: Assets/Particles/Cloud01_8x8.png
  artifactKey: Guid(1e0966527c516d9459085f919f22c3d4) Importer(815301076,1909f56bfc062723c751e8b465ee728b)
Start importing Assets/Particles/Cloud01_8x8.png using Guid(1e0966527c516d9459085f919f22c3d4) Importer(815301076,1909f56bfc062723c751e8b465ee728b)  -> (artifact id: 'fc17bb26ff77805089827fbc02d5ffc3') in 0.010205 seconds 
  Import took 0.014819 seconds .

========================================================================
Received Import Request.
  Time since last request: 15.529099 seconds.
  path: Assets/Particles/FireBall01_8x8.png
  artifactKey: Guid(6eb5d6b57c4c62f41ab75ebf55873c69) Importer(815301076,1909f56bfc062723c751e8b465ee728b)
Start importing Assets/Particles/FireBall01_8x8.png using Guid(6eb5d6b57c4c62f41ab75ebf55873c69) Importer(815301076,1909f56bfc062723c751e8b465ee728b)  -> (artifact id: 'b68eea459040088a2961c2c29dc2a0e8') in 0.013149 seconds 
  Import took 0.017534 seconds .

========================================================================
Received Import Request.
  Time since last request: 134.037025 seconds.
  path: Assets/Particles/Fire.mat
  artifactKey: Guid(c715cf9fc78b6fe418d888168a961271) Importer(815301076,1909f56bfc062723c751e8b465ee728b)
Start importing Assets/Particles/Fire.mat using Guid(c715cf9fc78b6fe418d888168a961271) Importer(815301076,1909f56bfc062723c751e8b465ee728b)  -> (artifact id: '6f4d6037b61aeab9d2df7390fa0ad000') in 0.039657 seconds 
  Import took 0.059869 seconds .

========================================================================
Received Import Request.
  Time since last request: 355.203255 seconds.
  path: Assets/Particles/Explosion00_5x5.png
  artifactKey: Guid(f5c9e8f20ecb0a846be0fa8f9afe8b03) Importer(815301076,1909f56bfc062723c751e8b465ee728b)
Start importing Assets/Particles/Explosion00_5x5.png using Guid(f5c9e8f20ecb0a846be0fa8f9afe8b03) Importer(815301076,1909f56bfc062723c751e8b465ee728b)  -> (artifact id: '62a6fbf72995406fd5313fac33e4c1ca') in 0.011241 seconds 
  Import took 0.016235 seconds .

========================================================================
Received Import Request.
  Time since last request: 0.000689 seconds.
  path: Assets/Particles/Explosion00_5x5.png
  artifactKey: Guid(f5c9e8f20ecb0a846be0fa8f9afe8b03) Importer(815301076,1909f56bfc062723c751e8b465ee728b)
Start importing Assets/Particles/Explosion00_5x5.png using Guid(f5c9e8f20ecb0a846be0fa8f9afe8b03) Importer(815301076,1909f56bfc062723c751e8b465ee728b)  -> (artifact id: '62a6fbf72995406fd5313fac33e4c1ca') in 0.020376 seconds 
  Import took 0.024690 seconds .

========================================================================
Received Import Request.
  Time since last request: 371.252568 seconds.
  path: Assets/Particles/Explosion00_5x5.png
  artifactKey: Guid(f5c9e8f20ecb0a846be0fa8f9afe8b03) Importer(815301076,1909f56bfc062723c751e8b465ee728b)
Start importing Assets/Particles/Explosion00_5x5.png using Guid(f5c9e8f20ecb0a846be0fa8f9afe8b03) Importer(815301076,1909f56bfc062723c751e8b465ee728b)  -> (artifact id: '75e2f130a126a029718f51270d370d15') in 0.014678 seconds 
  Import took 0.021767 seconds .

========================================================================
Received Import Request.
  Time since last request: 2.032745 seconds.
  path: Assets/Particles/FireBall01_8x8.png
  artifactKey: Guid(6eb5d6b57c4c62f41ab75ebf55873c69) Importer(815301076,1909f56bfc062723c751e8b465ee728b)
Start importing Assets/Particles/FireBall01_8x8.png using Guid(6eb5d6b57c4c62f41ab75ebf55873c69) Importer(815301076,1909f56bfc062723c751e8b465ee728b)  -> (artifact id: 'cde94f72c3c9ba389fc9e8ad0fc5de1e') in 0.011190 seconds 
  Import took 0.015937 seconds .

========================================================================
Received Import Request.
  Time since last request: 0.008728 seconds.
  path: Assets/Particles/FireBall01_8x8.png
  artifactKey: Guid(6eb5d6b57c4c62f41ab75ebf55873c69) Importer(815301076,1909f56bfc062723c751e8b465ee728b)
Start importing Assets/Particles/FireBall01_8x8.png using Guid(6eb5d6b57c4c62f41ab75ebf55873c69) Importer(815301076,1909f56bfc062723c751e8b465ee728b)  -> (artifact id: 'cde94f72c3c9ba389fc9e8ad0fc5de1e') in 0.009768 seconds 
  Import took 0.014670 seconds .

========================================================================
Received Import Request.
  Time since last request: 5.315131 seconds.
  path: Assets/Particles/Explosion02HD_5x5.png
  artifactKey: Guid(a9550220b59e88a428cc52164b8a26be) Importer(815301076,1909f56bfc062723c751e8b465ee728b)
Start importing Assets/Particles/Explosion02HD_5x5.png using Guid(a9550220b59e88a428cc52164b8a26be) Importer(815301076,1909f56bfc062723c751e8b465ee728b)  -> (artifact id: '8fe4be560b5b7a6b6b65305102ba8c1a') in 0.017613 seconds 
  Import took 0.021964 seconds .

========================================================================
Received Import Request.
  Time since last request: 0.882637 seconds.
  path: Assets/Particles/Cloud01_8x8.png
  artifactKey: Guid(1e0966527c516d9459085f919f22c3d4) Importer(815301076,1909f56bfc062723c751e8b465ee728b)
Start importing Assets/Particles/Cloud01_8x8.png using Guid(1e0966527c516d9459085f919f22c3d4) Importer(815301076,1909f56bfc062723c751e8b465ee728b)  -> (artifact id: 'f644d2c1f79e5a46a3aaa9da12ec3fce') in 0.009346 seconds 
  Import took 0.013630 seconds .

========================================================================
Received Import Request.
  Time since last request: 7.554442 seconds.
  path: Assets/Particles/FireBall04_8x8.png
  artifactKey: Guid(87d0826a4badb52418a2e256e61be073) Importer(815301076,1909f56bfc062723c751e8b465ee728b)
Start importing Assets/Particles/FireBall04_8x8.png using Guid(87d0826a4badb52418a2e256e61be073) Importer(815301076,1909f56bfc062723c751e8b465ee728b)  -> (artifact id: 'ef7bc42b8c0c7f16ac8bb8b8a2938212') in 0.010786 seconds 
  Import took 0.015769 seconds .

========================================================================
Received Import Request.
  Time since last request: 0.001533 seconds.
  path: Assets/Particles/FireBall04_8x8.png
  artifactKey: Guid(87d0826a4badb52418a2e256e61be073) Importer(815301076,1909f56bfc062723c751e8b465ee728b)
Start importing Assets/Particles/FireBall04_8x8.png using Guid(87d0826a4badb52418a2e256e61be073) Importer(815301076,1909f56bfc062723c751e8b465ee728b)  -> (artifact id: 'ef7bc42b8c0c7f16ac8bb8b8a2938212') in 0.017386 seconds 
  Import took 0.022311 seconds .

========================================================================
Received Import Request.
  Time since last request: 2.758626 seconds.
  path: Assets/Particles/Flame02_16x4.png
  artifactKey: Guid(618db7b9a366afd429636f9d38df418c) Importer(815301076,1909f56bfc062723c751e8b465ee728b)
Start importing Assets/Particles/Flame02_16x4.png using Guid(618db7b9a366afd429636f9d38df418c) Importer(815301076,1909f56bfc062723c751e8b465ee728b)  -> (artifact id: '9b73a8ea95d92a6fcde8ed3c3c1a375b') in 0.012574 seconds 
  Import took 0.017300 seconds .

========================================================================
Received Import Request.
  Time since last request: 0.000285 seconds.
  path: Assets/Particles/Flame02_16x4.png
  artifactKey: Guid(618db7b9a366afd429636f9d38df418c) Importer(815301076,1909f56bfc062723c751e8b465ee728b)
Start importing Assets/Particles/Flame02_16x4.png using Guid(618db7b9a366afd429636f9d38df418c) Importer(815301076,1909f56bfc062723c751e8b465ee728b)  -> (artifact id: '9b73a8ea95d92a6fcde8ed3c3c1a375b') in 0.014248 seconds 
  Import took 0.018644 seconds .

========================================================================
Received Import Request.
  Time since last request: 2.748150 seconds.
  path: Assets/Particles/Explosion00_5x5.png
  artifactKey: Guid(f5c9e8f20ecb0a846be0fa8f9afe8b03) Importer(815301076,1909f56bfc062723c751e8b465ee728b)
Start importing Assets/Particles/Explosion00_5x5.png using Guid(f5c9e8f20ecb0a846be0fa8f9afe8b03) Importer(815301076,1909f56bfc062723c751e8b465ee728b)  -> (artifact id: '018ef6338263c62396fdb41b9f688053') in 0.010217 seconds 
  Import took 0.014757 seconds .

========================================================================
Received Import Request.
  Time since last request: 0.001385 seconds.
  path: Assets/Particles/Explosion00_5x5.png
  artifactKey: Guid(f5c9e8f20ecb0a846be0fa8f9afe8b03) Importer(815301076,1909f56bfc062723c751e8b465ee728b)
Start importing Assets/Particles/Explosion00_5x5.png using Guid(f5c9e8f20ecb0a846be0fa8f9afe8b03) Importer(815301076,1909f56bfc062723c751e8b465ee728b)  -> (artifact id: '018ef6338263c62396fdb41b9f688053') in 0.012767 seconds 
  Import took 0.018024 seconds .

========================================================================
Received Import Request.
  Time since last request: 0.310166 seconds.
  path: Assets/Particles/Explosion01-light-nofire_5x5.png
  artifactKey: Guid(3cd1d8003061130408073d40e3509e48) Importer(815301076,1909f56bfc062723c751e8b465ee728b)
Start importing Assets/Particles/Explosion01-light-nofire_5x5.png using Guid(3cd1d8003061130408073d40e3509e48) Importer(815301076,1909f56bfc062723c751e8b465ee728b)  -> (artifact id: '325c70edc411638c9a8ddf45dcadb63b') in 0.010857 seconds 
  Import took 0.015253 seconds .

========================================================================
Received Import Request.
  Time since last request: 0.002603 seconds.
  path: Assets/Particles/Explosion01-light-nofire_5x5.png
  artifactKey: Guid(3cd1d8003061130408073d40e3509e48) Importer(815301076,1909f56bfc062723c751e8b465ee728b)
Start importing Assets/Particles/Explosion01-light-nofire_5x5.png using Guid(3cd1d8003061130408073d40e3509e48) Importer(815301076,1909f56bfc062723c751e8b465ee728b)  -> (artifact id: '325c70edc411638c9a8ddf45dcadb63b') in 0.010868 seconds 
  Import took 0.015600 seconds .

========================================================================
Received Import Request.
  Time since last request: 0.181796 seconds.
  path: Assets/Particles/Explosion01-light_5x5.png
  artifactKey: Guid(106405cca7f3b7640ad50f54bf3816e1) Importer(815301076,1909f56bfc062723c751e8b465ee728b)
Start importing Assets/Particles/Explosion01-light_5x5.png using Guid(106405cca7f3b7640ad50f54bf3816e1) Importer(815301076,1909f56bfc062723c751e8b465ee728b)  -> (artifact id: '60c7bf690b43a053cda47eebc0675a5e') in 0.011211 seconds 
  Import took 0.016817 seconds .

========================================================================
Received Import Request.
  Time since last request: 0.159558 seconds.
  path: Assets/Particles/Explosion01-nofire_5x5.png
  artifactKey: Guid(64e4ea1ab848b4344a355f2f27ed937e) Importer(815301076,1909f56bfc062723c751e8b465ee728b)
Start importing Assets/Particles/Explosion01-nofire_5x5.png using Guid(64e4ea1ab848b4344a355f2f27ed937e) Importer(815301076,1909f56bfc062723c751e8b465ee728b)  -> (artifact id: '9834d231cd66db3885ed74db235019cc') in 0.010915 seconds 
  Import took 0.015149 seconds .

========================================================================
Received Import Request.
  Time since last request: 0.152790 seconds.
  path: Assets/Particles/Explosion01_5x5.png
  artifactKey: Guid(07c5a96bbfe3c3e409d94ce9239b8622) Importer(815301076,1909f56bfc062723c751e8b465ee728b)
Start importing Assets/Particles/Explosion01_5x5.png using Guid(07c5a96bbfe3c3e409d94ce9239b8622) Importer(815301076,1909f56bfc062723c751e8b465ee728b)  -> (artifact id: '30ccef76d91a2e0d9c2a1026af928eeb') in 0.011435 seconds 
  Import took 0.016465 seconds .

========================================================================
Received Import Request.
  Time since last request: 0.000588 seconds.
  path: Assets/Particles/Explosion01_5x5.png
  artifactKey: Guid(07c5a96bbfe3c3e409d94ce9239b8622) Importer(815301076,1909f56bfc062723c751e8b465ee728b)
Start importing Assets/Particles/Explosion01_5x5.png using Guid(07c5a96bbfe3c3e409d94ce9239b8622) Importer(815301076,1909f56bfc062723c751e8b465ee728b)  -> (artifact id: '30ccef76d91a2e0d9c2a1026af928eeb') in 0.010762 seconds 
  Import took 0.015791 seconds .

========================================================================
Received Import Request.
  Time since last request: 4.892327 seconds.
  path: Assets/Particles/FireBall04_8x8.png
  artifactKey: Guid(87d0826a4badb52418a2e256e61be073) Importer(815301076,1909f56bfc062723c751e8b465ee728b)
Start importing Assets/Particles/FireBall04_8x8.png using Guid(87d0826a4badb52418a2e256e61be073) Importer(815301076,1909f56bfc062723c751e8b465ee728b)  -> (artifact id: '6373318edddaa8640150b50944ae5f86') in 0.015202 seconds 
  Import took 0.019993 seconds .

========================================================================
Received Import Request.
  Time since last request: 3.041760 seconds.
  path: Assets/Particles/Fire 1.mat
  artifactKey: Guid(2d98c3d776537cd4785f6f0185a325d1) Importer(815301076,1909f56bfc062723c751e8b465ee728b)
Start importing Assets/Particles/Fire 1.mat using Guid(2d98c3d776537cd4785f6f0185a325d1) Importer(815301076,1909f56bfc062723c751e8b465ee728b)  -> (artifact id: 'f796692c27ec84ec925bc3f4beede702') in 0.014225 seconds 
  Import took 0.019533 seconds .

========================================================================
Received Import Request.
  Time since last request: 0.001749 seconds.
  path: Assets/Particles/Fire 1.mat
  artifactKey: Guid(2d98c3d776537cd4785f6f0185a325d1) Importer(815301076,1909f56bfc062723c751e8b465ee728b)
Start importing Assets/Particles/Fire 1.mat using Guid(2d98c3d776537cd4785f6f0185a325d1) Importer(815301076,1909f56bfc062723c751e8b465ee728b)  -> (artifact id: 'f796692c27ec84ec925bc3f4beede702') in 0.013990 seconds 
  Import took 0.018754 seconds .

========================================================================
Received Import Request.
  Time since last request: 17.400710 seconds.
  path: Assets/Particles/Explosion02_5x5.png
  artifactKey: Guid(37afaed251088f444888c4583d65e499) Importer(815301076,1909f56bfc062723c751e8b465ee728b)
Start importing Assets/Particles/Explosion02_5x5.png using Guid(37afaed251088f444888c4583d65e499) Importer(815301076,1909f56bfc062723c751e8b465ee728b)  -> (artifact id: 'a1f146ab606fe07cc7d667369f890a03') in 0.015223 seconds 
  Import took 0.022935 seconds .

========================================================================
Received Import Request.
  Time since last request: 0.000584 seconds.
  path: Assets/Particles/Explosion02_5x5.png
  artifactKey: Guid(37afaed251088f444888c4583d65e499) Importer(815301076,1909f56bfc062723c751e8b465ee728b)
Start importing Assets/Particles/Explosion02_5x5.png using Guid(37afaed251088f444888c4583d65e499) Importer(815301076,1909f56bfc062723c751e8b465ee728b)  -> (artifact id: 'a1f146ab606fe07cc7d667369f890a03') in 0.013928 seconds 
  Import took 0.021524 seconds .

========================================================================
Received Import Request.
  Time since last request: 280.740823 seconds.
  path: Assets/Particles/Cloud04_8x8.png
  artifactKey: Guid(17c4bf74b00b2434cb8c5bd8dcaab90a) Importer(815301076,1909f56bfc062723c751e8b465ee728b)
Start importing Assets/Particles/Cloud04_8x8.png using Guid(17c4bf74b00b2434cb8c5bd8dcaab90a) Importer(815301076,1909f56bfc062723c751e8b465ee728b)  -> (artifact id: '3f28fe9e8ab42e627c6699f2c226a1e9') in 0.012160 seconds 
  Import took 0.018192 seconds .

========================================================================
Received Import Request.
  Time since last request: 92.360202 seconds.
  path: Assets/Particles/Smoke.mat
  artifactKey: Guid(014cb821b4f6c374faebdb2c9df7b6c1) Importer(815301076,1909f56bfc062723c751e8b465ee728b)
Start importing Assets/Particles/Smoke.mat using Guid(014cb821b4f6c374faebdb2c9df7b6c1) Importer(815301076,1909f56bfc062723c751e8b465ee728b)  -> (artifact id: '8c7ad010fd2cec1c6c61512775badf09') in 0.013147 seconds 
  Import took 0.017646 seconds .

========================================================================
Received Import Request.
  Time since last request: 0.006673 seconds.
  path: Assets/Particles/Smoke.mat
  artifactKey: Guid(014cb821b4f6c374faebdb2c9df7b6c1) Importer(815301076,1909f56bfc062723c751e8b465ee728b)
Start importing Assets/Particles/Smoke.mat using Guid(014cb821b4f6c374faebdb2c9df7b6c1) Importer(815301076,1909f56bfc062723c751e8b465ee728b)  -> (artifact id: '8c7ad010fd2cec1c6c61512775badf09') in 0.010314 seconds 
  Import took 0.014941 seconds .

========================================================================
Received Import Request.
  Time since last request: 2081.631857 seconds.
  path: Assets/Wings.fbx
  artifactKey: Guid(1b6c9430de17fba4d98083dea0f9febc) Importer(815301076,1909f56bfc062723c751e8b465ee728b)
Start importing Assets/Wings.fbx using Guid(1b6c9430de17fba4d98083dea0f9febc) Importer(815301076,1909f56bfc062723c751e8b465ee728b)  -> (artifact id: '412328c2aa85d9d01cb69e62657fce44') in 0.066112 seconds 
  Import took 0.071074 seconds .

========================================================================
Received Import Request.
  Time since last request: 36.214765 seconds.
  path: Assets/Wings.fbx
  artifactKey: Guid(1b6c9430de17fba4d98083dea0f9febc) Importer(815301076,1909f56bfc062723c751e8b465ee728b)
Start importing Assets/Wings.fbx using Guid(1b6c9430de17fba4d98083dea0f9febc) Importer(815301076,1909f56bfc062723c751e8b465ee728b)  -> (artifact id: '85018bd42e202b97caaebf9a62f95ab1') in 0.019611 seconds 
  Import took 0.024924 seconds .

========================================================================
Received Import Request.
  Time since last request: 0.000708 seconds.
  path: Assets/Wings.fbx
  artifactKey: Guid(1b6c9430de17fba4d98083dea0f9febc) Importer(815301076,1909f56bfc062723c751e8b465ee728b)
Start importing Assets/Wings.fbx using Guid(1b6c9430de17fba4d98083dea0f9febc) Importer(815301076,1909f56bfc062723c751e8b465ee728b)  -> (artifact id: '85018bd42e202b97caaebf9a62f95ab1') in 0.019506 seconds 
  Import took 0.024831 seconds .

========================================================================
Received Import Request.
  Time since last request: 2.841883 seconds.
  path: Assets/WingsMove.anim
  artifactKey: Guid(23a58a90aa62f3f4f85a13881e119f4c) Importer(815301076,1909f56bfc062723c751e8b465ee728b)
Start importing Assets/WingsMove.anim using Guid(23a58a90aa62f3f4f85a13881e119f4c) Importer(815301076,1909f56bfc062723c751e8b465ee728b)  -> (artifact id: 'a9fc998c572d086e03ae754ecc80d39e') in 0.032589 seconds 
  Import took 0.037317 seconds .

========================================================================
Received Import Request.
  Time since last request: 0.000530 seconds.
  path: Assets/WingsMove.anim
  artifactKey: Guid(23a58a90aa62f3f4f85a13881e119f4c) Importer(815301076,1909f56bfc062723c751e8b465ee728b)
Start importing Assets/WingsMove.anim using Guid(23a58a90aa62f3f4f85a13881e119f4c) Importer(815301076,1909f56bfc062723c751e8b465ee728b)  -> (artifact id: 'a9fc998c572d086e03ae754ecc80d39e') in 0.007830 seconds 
  Import took 0.012770 seconds .

========================================================================
Received Import Request.
  Time since last request: 532.975266 seconds.
  path: Assets/Particles/Smoke 1.mat
  artifactKey: Guid(07a9019e0e7062d4f9c0c994bb15ca1d) Importer(815301076,1909f56bfc062723c751e8b465ee728b)
Start importing Assets/Particles/Smoke 1.mat using Guid(07a9019e0e7062d4f9c0c994bb15ca1d) Importer(815301076,1909f56bfc062723c751e8b465ee728b)  -> (artifact id: '11377ee1623981398918bc405b1bede9') in 0.015270 seconds 
  Import took 0.020747 seconds .

========================================================================
Received Import Request.
  Time since last request: 28.094465 seconds.
  path: Assets/WingsMove.anim
  artifactKey: Guid(23a58a90aa62f3f4f85a13881e119f4c) Importer(815301076,1909f56bfc062723c751e8b465ee728b)
Start importing Assets/WingsMove.anim using Guid(23a58a90aa62f3f4f85a13881e119f4c) Importer(815301076,1909f56bfc062723c751e8b465ee728b)  -> (artifact id: 'b7dd52b9db757bf5ec8df2f2c8afca70') in 0.008249 seconds 
  Import took 0.013106 seconds .

========================================================================
Received Import Request.
  Time since last request: 0.008060 seconds.
  path: Assets/WingsMove.anim
  artifactKey: Guid(23a58a90aa62f3f4f85a13881e119f4c) Importer(815301076,1909f56bfc062723c751e8b465ee728b)
Start importing Assets/WingsMove.anim using Guid(23a58a90aa62f3f4f85a13881e119f4c) Importer(815301076,1909f56bfc062723c751e8b465ee728b)  -> (artifact id: 'b7dd52b9db757bf5ec8df2f2c8afca70') in 0.007696 seconds 
  Import took 0.012773 seconds .

========================================================================
Received Prepare
Registering precompiled user dll's ...
Registered in 0.002078 seconds.
Begin MonoManager ReloadAssembly
Native extension for WindowsStandalone target not found
Refreshing native plugins compatible for Editor in 0.51 ms, found 1 plugins.
Preloading 0 native plugins for Editor in 0.00 ms.
Mono: successfully reloaded assembly
- Completed reload, in  0.816 seconds
Domain Reload Profiling:
	ReloadAssembly (817ms)
		BeginReloadAssembly (98ms)
			ExecutionOrderSort (0ms)
			DisableScriptedObjects (4ms)
			BackupInstance (0ms)
			ReleaseScriptingObjects (0ms)
			CreateAndSetChildDomain (25ms)
		EndReloadAssembly (667ms)
			LoadAssemblies (72ms)
			RebuildTransferFunctionScriptingTraits (0ms)
			SetupTypeCache (219ms)
			ReleaseScriptCaches (1ms)
			RebuildScriptCaches (90ms)
			SetupLoadedEditorAssemblies (204ms)
				LogAssemblyErrors (0ms)
				InitializePlatformSupportModulesInManaged (4ms)
				SetLoadedEditorAssemblies (0ms)
				RefreshPlugins (1ms)
				BeforeProcessingInitializeOnLoad (84ms)
				ProcessInitializeOnLoadAttributes (105ms)
				ProcessInitializeOnLoadMethodAttributes (3ms)
				AfterProcessingInitializeOnLoad (6ms)
				EditorAssembliesLoaded (0ms)
			ExecutionOrderSort2 (0ms)
			AwakeInstancesAfterBackupRestoration (5ms)
Platform modules already initialized, skipping
Refreshing native plugins compatible for Editor in 0.58 ms, found 1 plugins.
Preloading 0 native plugins for Editor in 0.00 ms.
Unloading 3097 Unused Serialized files (Serialized files now loaded: 0)
System memory in use before: 141.3 MB.
System memory in use after: 141.5 MB.

Unloading 10 unused Assets to reduce memory usage. Loaded Objects now: 3810.
Total: 2.422200 ms (FindLiveObjects: 0.301500 ms CreateObjectMapping: 0.152400 ms MarkObjects: 1.947500 ms  DeleteObjects: 0.020200 ms)

AssetImportParameters requested are different than current active one (requested -> active):
  custom:framework-win-MediaFoundation: 216162199b28c13a410421893ffa2e32 -> 
  custom:video-decoder-ogg-theora: a1e56fd34408186e4bbccfd4996cb3dc -> 
  custom:container-muxer-webm: aa71ff27fc2769a1b78a27578f13a17b -> 
  custom:container-demuxer-webm: 4f35f7cbe854078d1ac9338744f61a02 -> 
  custom:container-demuxer-ogg: 62fdf1f143b41e24485cea50d1cbac27 -> 
  custom:video-encoder-webm-vp8: eb34c28f22e8b96e1ab97ce403110664 -> 
  custom:video-codec-MediaFoundation-h265: 746d11721c4dcdbdad8f713fa42b33f4 -> 
  custom:video-decoder-webm-vp8: 9c59270c3fd7afecdb556c50c9e8de78 -> 
  custom:audio-decoder-ogg-vorbis: bf7c407c2cedff20999df2af8eb42d56 -> 
  custom:audio-encoder-webm-vorbis: bf7c407c2cedff20999df2af8eb42d56 -> 
========================================================================
Received Import Request.
  Time since last request: 3.983078 seconds.
  path: Assets/WingsMove.anim
  artifactKey: Guid(23a58a90aa62f3f4f85a13881e119f4c) Importer(815301076,1909f56bfc062723c751e8b465ee728b)
Start importing Assets/WingsMove.anim using Guid(23a58a90aa62f3f4f85a13881e119f4c) Importer(815301076,1909f56bfc062723c751e8b465ee728b)  -> (artifact id: 'f6a6390ee499c6dac1b7e3398bfdba2e') in 0.017043 seconds 
  Import took 0.021314 seconds .

========================================================================
Received Import Request.
  Time since last request: 2.209212 seconds.
  path: Assets/WingsMove.anim
  artifactKey: Guid(23a58a90aa62f3f4f85a13881e119f4c) Importer(815301076,1909f56bfc062723c751e8b465ee728b)
Start importing Assets/WingsMove.anim using Guid(23a58a90aa62f3f4f85a13881e119f4c) Importer(815301076,1909f56bfc062723c751e8b465ee728b)  -> (artifact id: 'f6a6390ee499c6dac1b7e3398bfdba2e') in 0.007622 seconds 
  Import took 0.012506 seconds .

========================================================================
Received Prepare
Registering precompiled user dll's ...
Registered in 0.002510 seconds.
Begin MonoManager ReloadAssembly
Native extension for WindowsStandalone target not found
Refreshing native plugins compatible for Editor in 0.54 ms, found 1 plugins.
Preloading 0 native plugins for Editor in 0.00 ms.
Mono: successfully reloaded assembly
- Completed reload, in  0.935 seconds
Domain Reload Profiling:
	ReloadAssembly (935ms)
		BeginReloadAssembly (106ms)
			ExecutionOrderSort (0ms)
			DisableScriptedObjects (4ms)
			BackupInstance (0ms)
			ReleaseScriptingObjects (0ms)
			CreateAndSetChildDomain (25ms)
		EndReloadAssembly (770ms)
			LoadAssemblies (87ms)
			RebuildTransferFunctionScriptingTraits (0ms)
			SetupTypeCache (276ms)
			ReleaseScriptCaches (1ms)
			RebuildScriptCaches (77ms)
			SetupLoadedEditorAssemblies (234ms)
				LogAssemblyErrors (0ms)
				InitializePlatformSupportModulesInManaged (6ms)
				SetLoadedEditorAssemblies (1ms)
				RefreshPlugins (1ms)
				BeforeProcessingInitializeOnLoad (92ms)
				ProcessInitializeOnLoadAttributes (124ms)
				ProcessInitializeOnLoadMethodAttributes (4ms)
				AfterProcessingInitializeOnLoad (7ms)
				EditorAssembliesLoaded (0ms)
			ExecutionOrderSort2 (0ms)
			AwakeInstancesAfterBackupRestoration (7ms)
Platform modules already initialized, skipping
Refreshing native plugins compatible for Editor in 1.17 ms, found 1 plugins.
Preloading 0 native plugins for Editor in 0.00 ms.
Unloading 3097 Unused Serialized files (Serialized files now loaded: 0)
System memory in use before: 141.3 MB.
System memory in use after: 141.5 MB.

Unloading 9 unused Assets to reduce memory usage. Loaded Objects now: 3812.
Total: 2.641500 ms (FindLiveObjects: 0.372300 ms CreateObjectMapping: 0.221900 ms MarkObjects: 2.030700 ms  DeleteObjects: 0.015700 ms)

AssetImportParameters requested are different than current active one (requested -> active):
  custom:framework-win-MediaFoundation: 216162199b28c13a410421893ffa2e32 -> 
  custom:video-decoder-ogg-theora: a1e56fd34408186e4bbccfd4996cb3dc -> 
  custom:container-muxer-webm: aa71ff27fc2769a1b78a27578f13a17b -> 
  custom:container-demuxer-webm: 4f35f7cbe854078d1ac9338744f61a02 -> 
  custom:container-demuxer-ogg: 62fdf1f143b41e24485cea50d1cbac27 -> 
  custom:video-encoder-webm-vp8: eb34c28f22e8b96e1ab97ce403110664 -> 
  custom:video-codec-MediaFoundation-h265: 746d11721c4dcdbdad8f713fa42b33f4 -> 
  custom:video-decoder-webm-vp8: 9c59270c3fd7afecdb556c50c9e8de78 -> 
  custom:audio-decoder-ogg-vorbis: bf7c407c2cedff20999df2af8eb42d56 -> 
  custom:audio-encoder-webm-vorbis: bf7c407c2cedff20999df2af8eb42d56 -> 
========================================================================
Received Import Request.
  Time since last request: 209.516761 seconds.
  path: Assets/Wings.prefab
  artifactKey: Guid(62eee2dfc6538454b83a5cf5c8d49ff7) Importer(815301076,1909f56bfc062723c751e8b465ee728b)
Start importing Assets/Wings.prefab using Guid(62eee2dfc6538454b83a5cf5c8d49ff7) Importer(815301076,1909f56bfc062723c751e8b465ee728b)  -> (artifact id: '3fc86a4237b92ec68dfb295a68c77d62') in 0.072389 seconds 
  Import took 0.077975 seconds .

========================================================================
Received Prepare
Registering precompiled user dll's ...
Registered in 0.002060 seconds.
Begin MonoManager ReloadAssembly
Native extension for WindowsStandalone target not found
Refreshing native plugins compatible for Editor in 0.54 ms, found 1 plugins.
Preloading 0 native plugins for Editor in 0.00 ms.
Mono: successfully reloaded assembly
- Completed reload, in  0.863 seconds
Domain Reload Profiling:
	ReloadAssembly (863ms)
		BeginReloadAssembly (117ms)
			ExecutionOrderSort (0ms)
			DisableScriptedObjects (4ms)
			BackupInstance (0ms)
			ReleaseScriptingObjects (0ms)
			CreateAndSetChildDomain (28ms)
		EndReloadAssembly (684ms)
			LoadAssemblies (85ms)
			RebuildTransferFunctionScriptingTraits (0ms)
			SetupTypeCache (231ms)
			ReleaseScriptCaches (1ms)
			RebuildScriptCaches (66ms)
			SetupLoadedEditorAssemblies (221ms)
				LogAssemblyErrors (0ms)
				InitializePlatformSupportModulesInManaged (5ms)
				SetLoadedEditorAssemblies (0ms)
				RefreshPlugins (1ms)
				BeforeProcessingInitializeOnLoad (83ms)
				ProcessInitializeOnLoadAttributes (118ms)
				ProcessInitializeOnLoadMethodAttributes (5ms)
				AfterProcessingInitializeOnLoad (9ms)
				EditorAssembliesLoaded (0ms)
			ExecutionOrderSort2 (0ms)
			AwakeInstancesAfterBackupRestoration (8ms)
Platform modules already initialized, skipping
Refreshing native plugins compatible for Editor in 0.51 ms, found 1 plugins.
Preloading 0 native plugins for Editor in 0.00 ms.
Unloading 3097 Unused Serialized files (Serialized files now loaded: 0)
System memory in use before: 141.3 MB.
System memory in use after: 141.6 MB.

Unloading 10 unused Assets to reduce memory usage. Loaded Objects now: 3815.
Total: 2.320300 ms (FindLiveObjects: 0.310900 ms CreateObjectMapping: 0.165800 ms MarkObjects: 1.823500 ms  DeleteObjects: 0.019200 ms)

AssetImportParameters requested are different than current active one (requested -> active):
  custom:framework-win-MediaFoundation: 216162199b28c13a410421893ffa2e32 -> 
  custom:video-decoder-ogg-theora: a1e56fd34408186e4bbccfd4996cb3dc -> 
  custom:container-muxer-webm: aa71ff27fc2769a1b78a27578f13a17b -> 
  custom:container-demuxer-webm: 4f35f7cbe854078d1ac9338744f61a02 -> 
  custom:container-demuxer-ogg: 62fdf1f143b41e24485cea50d1cbac27 -> 
  custom:video-encoder-webm-vp8: eb34c28f22e8b96e1ab97ce403110664 -> 
  custom:video-codec-MediaFoundation-h265: 746d11721c4dcdbdad8f713fa42b33f4 -> 
  custom:video-decoder-webm-vp8: 9c59270c3fd7afecdb556c50c9e8de78 -> 
  custom:audio-decoder-ogg-vorbis: bf7c407c2cedff20999df2af8eb42d56 -> 
  custom:audio-encoder-webm-vorbis: bf7c407c2cedff20999df2af8eb42d56 -> 
========================================================================
Received Prepare
Registering precompiled user dll's ...
Registered in 0.002119 seconds.
Begin MonoManager ReloadAssembly
Native extension for WindowsStandalone target not found
Refreshing native plugins compatible for Editor in 0.62 ms, found 1 plugins.
Preloading 0 native plugins for Editor in 0.00 ms.
Mono: successfully reloaded assembly
- Completed reload, in  0.906 seconds
Domain Reload Profiling:
	ReloadAssembly (907ms)
		BeginReloadAssembly (112ms)
			ExecutionOrderSort (0ms)
			DisableScriptedObjects (4ms)
			BackupInstance (0ms)
			ReleaseScriptingObjects (0ms)
			CreateAndSetChildDomain (25ms)
		EndReloadAssembly (733ms)
			LoadAssemblies (88ms)
			RebuildTransferFunctionScriptingTraits (0ms)
			SetupTypeCache (257ms)
			ReleaseScriptCaches (1ms)
			RebuildScriptCaches (73ms)
			SetupLoadedEditorAssemblies (228ms)
				LogAssemblyErrors (0ms)
				InitializePlatformSupportModulesInManaged (5ms)
				SetLoadedEditorAssemblies (0ms)
				RefreshPlugins (1ms)
				BeforeProcessingInitializeOnLoad (91ms)
				ProcessInitializeOnLoadAttributes (119ms)
				ProcessInitializeOnLoadMethodAttributes (4ms)
				AfterProcessingInitializeOnLoad (7ms)
				EditorAssembliesLoaded (0ms)
			ExecutionOrderSort2 (0ms)
			AwakeInstancesAfterBackupRestoration (7ms)
Platform modules already initialized, skipping
Refreshing native plugins compatible for Editor in 0.59 ms, found 1 plugins.
Preloading 0 native plugins for Editor in 0.00 ms.
Unloading 3097 Unused Serialized files (Serialized files now loaded: 0)
System memory in use before: 141.3 MB.
System memory in use after: 141.6 MB.

Unloading 9 unused Assets to reduce memory usage. Loaded Objects now: 3817.
Total: 2.583800 ms (FindLiveObjects: 0.307100 ms CreateObjectMapping: 0.148400 ms MarkObjects: 2.109300 ms  DeleteObjects: 0.017800 ms)

AssetImportParameters requested are different than current active one (requested -> active):
  custom:framework-win-MediaFoundation: 216162199b28c13a410421893ffa2e32 -> 
  custom:video-decoder-ogg-theora: a1e56fd34408186e4bbccfd4996cb3dc -> 
  custom:container-muxer-webm: aa71ff27fc2769a1b78a27578f13a17b -> 
  custom:container-demuxer-webm: 4f35f7cbe854078d1ac9338744f61a02 -> 
  custom:container-demuxer-ogg: 62fdf1f143b41e24485cea50d1cbac27 -> 
  custom:video-encoder-webm-vp8: eb34c28f22e8b96e1ab97ce403110664 -> 
  custom:video-codec-MediaFoundation-h265: 746d11721c4dcdbdad8f713fa42b33f4 -> 
  custom:video-decoder-webm-vp8: 9c59270c3fd7afecdb556c50c9e8de78 -> 
  custom:audio-decoder-ogg-vorbis: bf7c407c2cedff20999df2af8eb42d56 -> 
  custom:audio-encoder-webm-vorbis: bf7c407c2cedff20999df2af8eb42d56 -> 
========================================================================
Received Import Request.
  Time since last request: 1593.060407 seconds.
  path: Assets/Particles/Fire 1.mat
  artifactKey: Guid(2d98c3d776537cd4785f6f0185a325d1) Importer(815301076,1909f56bfc062723c751e8b465ee728b)
Start importing Assets/Particles/Fire 1.mat using Guid(2d98c3d776537cd4785f6f0185a325d1) Importer(815301076,1909f56bfc062723c751e8b465ee728b)  -> (artifact id: 'cbee732e20d91d40baa42bb9e2b0d770') in 0.057618 seconds 
  Import took 0.063157 seconds .

AssetImportWorkerClient::OnTransportError - code=2 error=End of file
